{
    "instructor": "S. Freud", 
    "course-name": "PSY101 10", 
    "exam-date": "2012-09-13", 
    "statistics": {
        "total-biserial-correlation": 0.8458371754391862, 
        "mean-difficulty": 0.53, 
        "total-questions": 20, 
        "score-mean": 10.6, 
        "score-std-deviation": 7.321202087089251, 
        "breakdown-by-choice": {
            "A": {
                "pct-chosen": 0.315, 
                "avg-difficulty": 0.5599999999999999, 
                "pct-keyed": 0.25
            }, 
            "C": {
                "pct-chosen": 0.265, 
                "avg-difficulty": 0.52, 
                "pct-keyed": 0.25
            }, 
            "B": {
                "pct-chosen": 0.205, 
                "avg-difficulty": 0.5399999999999999, 
                "pct-keyed": 0.25
            }, 
            "D": {
                "pct-chosen": 0.215, 
                "avg-difficulty": 0.5, 
                "pct-keyed": 0.25
            }
        }, 
        "std-error-of-measurement-kr-20": 1.500876936643165, 
        "score-variance": 53.6, 
        "distribution-by-passing": [
            {
                "range": [
                    0, 
                    19
                ], 
                "item-count": 0
            }, 
            {
                "range": [
                    20, 
                    39
                ], 
                "item-count": 0
            }, 
            {
                "range": [
                    40, 
                    59
                ], 
                "item-count": 10
            }, 
            {
                "range": [
                    60, 
                    79
                ], 
                "item-count": 10
            }, 
            {
                "range": [
                    80, 
                    100
                ], 
                "item-count": 0
            }
        ], 
        "kuder-richardson-20-reliability": 0.9579732914375491, 
        "distribution-by-biserial-correlation": [
            {
                "range": [
                    null, 
                    0.1
                ], 
                "item-count": 0
            }, 
            {
                "range": [
                    0.11, 
                    0.3
                ], 
                "item-count": 1
            }, 
            {
                "range": [
                    0.31, 
                    0.5
                ], 
                "item-count": 0
            }, 
            {
                "range": [
                    0.51, 
                    0.7
                ], 
                "item-count": 3
            }, 
            {
                "range": [
                    0.71, 
                    0.9
                ], 
                "item-count": 8
            }, 
            {
                "range": [
                    0.91, 
                    null
                ], 
                "item-count": 8
            }
        ], 
        "total-students": 10
    }, 
    "exam-id": "1", 
    "exam-sections": [
        {
            "responses-per-question": 4, 
            "statistics": [
                {
                    "by-answer": {
                        "A": {
                            "index": 1, 
                            "total-responses": 7, 
                            "chosen-by-ratio": 0.7, 
                            "count-by-group": [
                                4, 
                                2, 
                                1
                            ], 
                            "mean-score": 11.714285714285714, 
                            "is-questionable": false, 
                            "is-correct-answer": true
                        }, 
                        "C": {
                            "index": 3, 
                            "total-responses": 2, 
                            "chosen-by-ratio": 0.2, 
                            "count-by-group": [
                                0, 
                                1, 
                                1
                            ], 
                            "mean-score": 12.0, 
                            "is-questionable": true, 
                            "is-correct-answer": false
                        }, 
                        "B": {
                            "index": 2, 
                            "total-responses": 0, 
                            "chosen-by-ratio": 0.0, 
                            "count-by-group": [
                                0, 
                                0, 
                                0
                            ], 
                            "mean-score": 0.0, 
                            "is-questionable": true, 
                            "is-correct-answer": false
                        }, 
                        "D": {
                            "index": 4, 
                            "total-responses": 1, 
                            "chosen-by-ratio": 0.1, 
                            "count-by-group": [
                                0, 
                                1, 
                                0
                            ], 
                            "mean-score": 0.0, 
                            "is-questionable": false, 
                            "is-correct-answer": false
                        }
                    }, 
                    "omitted": {
                        "index": 0, 
                        "total-responses": 0, 
                        "chosen-by-ratio": 0.0, 
                        "count-by-group": [
                            0, 
                            0, 
                            0
                        ], 
                        "mean-score": 0.0, 
                        "is-questionable": false, 
                        "is-correct-answer": false
                    }, 
                    "biserial-correlation": 0.3043880607041116, 
                    "pointwise-biserial-correlation": 0.23248908083582998, 
                    "t-value": 0.6761043534917879, 
                    "total": {
                        "total-responses": 10, 
                        "count-by-group": [
                            4, 
                            4, 
                            2
                        ]
                    }, 
                    "should-insert-new-page": false
                }, 
                {
                    "by-answer": {
                        "A": {
                            "index": 1, 
                            "total-responses": 0, 
                            "chosen-by-ratio": 0.0, 
                            "count-by-group": [
                                0, 
                                0, 
                                0
                            ], 
                            "mean-score": 0.0, 
                            "is-questionable": true, 
                            "is-correct-answer": false
                        }, 
                        "C": {
                            "index": 3, 
                            "total-responses": 3, 
                            "chosen-by-ratio": 0.3, 
                            "count-by-group": [
                                1, 
                                1, 
                                1
                            ], 
                            "mean-score": 8.333333333333334, 
                            "is-questionable": false, 
                            "is-correct-answer": false
                        }, 
                        "B": {
                            "index": 2, 
                            "total-responses": 6, 
                            "chosen-by-ratio": 0.6, 
                            "count-by-group": [
                                3, 
                                2, 
                                1
                            ], 
                            "mean-score": 13.5, 
                            "is-questionable": false, 
                            "is-correct-answer": true
                        }, 
                        "D": {
                            "index": 4, 
                            "total-responses": 1, 
                            "chosen-by-ratio": 0.1, 
                            "count-by-group": [
                                0, 
                                1, 
                                0
                            ], 
                            "mean-score": 0.0, 
                            "is-questionable": false, 
                            "is-correct-answer": false
                        }
                    }, 
                    "omitted": {
                        "index": 0, 
                        "total-responses": 0, 
                        "chosen-by-ratio": 0.0, 
                        "count-by-group": [
                            0, 
                            0, 
                            0
                        ], 
                        "mean-score": 0.0, 
                        "is-questionable": false, 
                        "is-correct-answer": false
                    }, 
                    "biserial-correlation": 0.6145050203100553, 
                    "pointwise-biserial-correlation": 0.48513346371069915, 
                    "t-value": 1.5691922379410663, 
                    "total": {
                        "total-responses": 10, 
                        "count-by-group": [
                            4, 
                            4, 
                            2
                        ]
                    }, 
                    "should-insert-new-page": false
                }, 
                {
                    "by-answer": {
                        "A": {
                            "index": 1, 
                            "total-responses": 3, 
                            "chosen-by-ratio": 0.3, 
                            "count-by-group": [
                                0, 
                                2, 
                                1
                            ], 
                            "mean-score": 8.0, 
                            "is-questionable": false, 
                            "is-correct-answer": false
                        }, 
                        "C": {
                            "index": 3, 
                            "total-responses": 6, 
                            "chosen-by-ratio": 0.6, 
                            "count-by-group": [
                                3, 
                                2, 
                                1
                            ], 
                            "mean-score": 13.5, 
                            "is-questionable": false, 
                            "is-correct-answer": true
                        }, 
                        "B": {
                            "index": 2, 
                            "total-responses": 1, 
                            "chosen-by-ratio": 0.1, 
                            "count-by-group": [
                                1, 
                                0, 
                                0
                            ], 
                            "mean-score": 1.0, 
                            "is-questionable": false, 
                            "is-correct-answer": false
                        }, 
                        "D": {
                            "index": 4, 
                            "total-responses": 0, 
                            "chosen-by-ratio": 0.0, 
                            "count-by-group": [
                                0, 
                                0, 
                                0
                            ], 
                            "mean-score": 0.0, 
                            "is-questionable": true, 
                            "is-correct-answer": false
                        }
                    }, 
                    "omitted": {
                        "index": 0, 
                        "total-responses": 0, 
                        "chosen-by-ratio": 0.0, 
                        "count-by-group": [
                            0, 
                            0, 
                            0
                        ], 
                        "mean-score": 0.0, 
                        "is-questionable": false, 
                        "is-correct-answer": false
                    }, 
                    "biserial-correlation": 0.6145050203100553, 
                    "pointwise-biserial-correlation": 0.48513346371069915, 
                    "t-value": 1.5691922379410663, 
                    "total": {
                        "total-responses": 10, 
                        "count-by-group": [
                            4, 
                            4, 
                            2
                        ]
                    }, 
                    "should-insert-new-page": true
                }, 
                {
                    "by-answer": {
                        "A": {
                            "index": 1, 
                            "total-responses": 3, 
                            "chosen-by-ratio": 0.3, 
                            "count-by-group": [
                                0, 
                                2, 
                                1
                            ], 
                            "mean-score": 8.0, 
                            "is-questionable": false, 
                            "is-correct-answer": false
                        }, 
                        "C": {
                            "index": 3, 
                            "total-responses": 0, 
                            "chosen-by-ratio": 0.0, 
                            "count-by-group": [
                                0, 
                                0, 
                                0
                            ], 
                            "mean-score": 0.0, 
                            "is-questionable": true, 
                            "is-correct-answer": false
                        }, 
                        "B": {
                            "index": 2, 
                            "total-responses": 1, 
                            "chosen-by-ratio": 0.1, 
                            "count-by-group": [
                                1, 
                                0, 
                                0
                            ], 
                            "mean-score": 1.0, 
                            "is-questionable": false, 
                            "is-correct-answer": false
                        }, 
                        "D": {
                            "index": 4, 
                            "total-responses": 6, 
                            "chosen-by-ratio": 0.6, 
                            "count-by-group": [
                                3, 
                                2, 
                                1
                            ], 
                            "mean-score": 13.5, 
                            "is-questionable": false, 
                            "is-correct-answer": true
                        }
                    }, 
                    "omitted": {
                        "index": 0, 
                        "total-responses": 0, 
                        "chosen-by-ratio": 0.0, 
                        "count-by-group": [
                            0, 
                            0, 
                            0
                        ], 
                        "mean-score": 0.0, 
                        "is-questionable": false, 
                        "is-correct-answer": false
                    }, 
                    "biserial-correlation": 0.6145050203100553, 
                    "pointwise-biserial-correlation": 0.48513346371069915, 
                    "t-value": 1.5691922379410663, 
                    "total": {
                        "total-responses": 10, 
                        "count-by-group": [
                            4, 
                            4, 
                            2
                        ]
                    }, 
                    "should-insert-new-page": false
                }, 
                {
                    "by-answer": {
                        "A": {
                            "index": 1, 
                            "total-responses": 6, 
                            "chosen-by-ratio": 0.6, 
                            "count-by-group": [
                                3, 
                                1, 
                                2
                            ], 
                            "mean-score": 15.5, 
                            "is-questionable": false, 
                            "is-correct-answer": true
                        }, 
                        "C": {
                            "index": 3, 
                            "total-responses": 2, 
                            "chosen-by-ratio": 0.2, 
                            "count-by-group": [
                                1, 
                                1, 
                                0
                            ], 
                            "mean-score": 4.5, 
                            "is-questionable": false, 
                            "is-correct-answer": false
                        }, 
                        "B": {
                            "index": 2, 
                            "total-responses": 0, 
                            "chosen-by-ratio": 0.0, 
                            "count-by-group": [
                                0, 
                                0, 
                                0
                            ], 
                            "mean-score": 0.0, 
                            "is-questionable": true, 
                            "is-correct-answer": false
                        }, 
                        "D": {
                            "index": 4, 
                            "total-responses": 2, 
                            "chosen-by-ratio": 0.2, 
                            "count-by-group": [
                                0, 
                                2, 
                                0
                            ], 
                            "mean-score": 2.0, 
                            "is-questionable": false, 
                            "is-correct-answer": false
                        }
                    }, 
                    "omitted": {
                        "index": 0, 
                        "total-responses": 0, 
                        "chosen-by-ratio": 0.0, 
                        "count-by-group": [
                            0, 
                            0, 
                            0
                        ], 
                        "mean-score": 0.0, 
                        "is-questionable": false, 
                        "is-correct-answer": false
                    }, 
                    "biserial-correlation": 1.038301586041128, 
                    "pointwise-biserial-correlation": 0.8197082662698021, 
                    "t-value": 4.047767105272628, 
                    "total": {
                        "total-responses": 10, 
                        "count-by-group": [
                            4, 
                            4, 
                            2
                        ]
                    }, 
                    "should-insert-new-page": false
                }, 
                {
                    "by-answer": {
                        "A": {
                            "index": 1, 
                            "total-responses": 0, 
                            "chosen-by-ratio": 0.0, 
                            "count-by-group": [
                                0, 
                                0, 
                                0
                            ], 
                            "mean-score": 0.0, 
                            "is-questionable": true, 
                            "is-correct-answer": false
                        }, 
                        "C": {
                            "index": 3, 
                            "total-responses": 2, 
                            "chosen-by-ratio": 0.2, 
                            "count-by-group": [
                                1, 
                                1, 
                                0
                            ], 
                            "mean-score": 4.5, 
                            "is-questionable": false, 
                            "is-correct-answer": false
                        }, 
                        "B": {
                            "index": 2, 
                            "total-responses": 6, 
                            "chosen-by-ratio": 0.6, 
                            "count-by-group": [
                                3, 
                                1, 
                                2
                            ], 
                            "mean-score": 15.5, 
                            "is-questionable": false, 
                            "is-correct-answer": true
                        }, 
                        "D": {
                            "index": 4, 
                            "total-responses": 2, 
                            "chosen-by-ratio": 0.2, 
                            "count-by-group": [
                                0, 
                                2, 
                                0
                            ], 
                            "mean-score": 2.0, 
                            "is-questionable": false, 
                            "is-correct-answer": false
                        }
                    }, 
                    "omitted": {
                        "index": 0, 
                        "total-responses": 0, 
                        "chosen-by-ratio": 0.0, 
                        "count-by-group": [
                            0, 
                            0, 
                            0
                        ], 
                        "mean-score": 0.0, 
                        "is-questionable": false, 
                        "is-correct-answer": false
                    }, 
                    "biserial-correlation": 1.038301586041128, 
                    "pointwise-biserial-correlation": 0.8197082662698021, 
                    "t-value": 4.047767105272628, 
                    "total": {
                        "total-responses": 10, 
                        "count-by-group": [
                            4, 
                            4, 
                            2
                        ]
                    }, 
                    "should-insert-new-page": true
                }, 
                {
                    "by-answer": {
                        "A": {
                            "index": 1, 
                            "total-responses": 3, 
                            "chosen-by-ratio": 0.3, 
                            "count-by-group": [
                                0, 
                                3, 
                                0
                            ], 
                            "mean-score": 4.0, 
                            "is-questionable": false, 
                            "is-correct-answer": false
                        }, 
                        "C": {
                            "index": 3, 
                            "total-responses": 6, 
                            "chosen-by-ratio": 0.6, 
                            "count-by-group": [
                                3, 
                                1, 
                                2
                            ], 
                            "mean-score": 15.5, 
                            "is-questionable": false, 
                            "is-correct-answer": true
                        }, 
                        "B": {
                            "index": 2, 
                            "total-responses": 1, 
                            "chosen-by-ratio": 0.1, 
                            "count-by-group": [
                                1, 
                                0, 
                                0
                            ], 
                            "mean-score": 1.0, 
                            "is-questionable": false, 
                            "is-correct-answer": false
                        }, 
                        "D": {
                            "index": 4, 
                            "total-responses": 0, 
                            "chosen-by-ratio": 0.0, 
                            "count-by-group": [
                                0, 
                                0, 
                                0
                            ], 
                            "mean-score": 0.0, 
                            "is-questionable": true, 
                            "is-correct-answer": false
                        }
                    }, 
                    "omitted": {
                        "index": 0, 
                        "total-responses": 0, 
                        "chosen-by-ratio": 0.0, 
                        "count-by-group": [
                            0, 
                            0, 
                            0
                        ], 
                        "mean-score": 0.0, 
                        "is-questionable": false, 
                        "is-correct-answer": false
                    }, 
                    "biserial-correlation": 1.038301586041128, 
                    "pointwise-biserial-correlation": 0.8197082662698021, 
                    "t-value": 4.047767105272628, 
                    "total": {
                        "total-responses": 10, 
                        "count-by-group": [
                            4, 
                            4, 
                            2
                        ]
                    }, 
                    "should-insert-new-page": false
                }, 
                {
                    "by-answer": {
                        "A": {
                            "index": 1, 
                            "total-responses": 3, 
                            "chosen-by-ratio": 0.3, 
                            "count-by-group": [
                                0, 
                                3, 
                                0
                            ], 
                            "mean-score": 4.0, 
                            "is-questionable": false, 
                            "is-correct-answer": false
                        }, 
                        "C": {
                            "index": 3, 
                            "total-responses": 0, 
                            "chosen-by-ratio": 0.0, 
                            "count-by-group": [
                                0, 
                                0, 
                                0
                            ], 
                            "mean-score": 0.0, 
                            "is-questionable": true, 
                            "is-correct-answer": false
                        }, 
                        "B": {
                            "index": 2, 
                            "total-responses": 1, 
                            "chosen-by-ratio": 0.1, 
                            "count-by-group": [
                                1, 
                                0, 
                                0
                            ], 
                            "mean-score": 1.0, 
                            "is-questionable": false, 
                            "is-correct-answer": false
                        }, 
                        "D": {
                            "index": 4, 
                            "total-responses": 6, 
                            "chosen-by-ratio": 0.6, 
                            "count-by-group": [
                                3, 
                                1, 
                                2
                            ], 
                            "mean-score": 15.5, 
                            "is-questionable": false, 
                            "is-correct-answer": true
                        }
                    }, 
                    "omitted": {
                        "index": 0, 
                        "total-responses": 0, 
                        "chosen-by-ratio": 0.0, 
                        "count-by-group": [
                            0, 
                            0, 
                            0
                        ], 
                        "mean-score": 0.0, 
                        "is-questionable": false, 
                        "is-correct-answer": false
                    }, 
                    "biserial-correlation": 1.038301586041128, 
                    "pointwise-biserial-correlation": 0.8197082662698021, 
                    "t-value": 4.047767105272628, 
                    "total": {
                        "total-responses": 10, 
                        "count-by-group": [
                            4, 
                            4, 
                            2
                        ]
                    }, 
                    "should-insert-new-page": false
                }, 
                {
                    "by-answer": {
                        "A": {
                            "index": 1, 
                            "total-responses": 6, 
                            "chosen-by-ratio": 0.6, 
                            "count-by-group": [
                                3, 
                                1, 
                                2
                            ], 
                            "mean-score": 15.5, 
                            "is-questionable": false, 
                            "is-correct-answer": true
                        }, 
                        "C": {
                            "index": 3, 
                            "total-responses": 2, 
                            "chosen-by-ratio": 0.2, 
                            "count-by-group": [
                                1, 
                                1, 
                                0
                            ], 
                            "mean-score": 4.5, 
                            "is-questionable": false, 
                            "is-correct-answer": false
                        }, 
                        "B": {
                            "index": 2, 
                            "total-responses": 0, 
                            "chosen-by-ratio": 0.0, 
                            "count-by-group": [
                                0, 
                                0, 
                                0
                            ], 
                            "mean-score": 0.0, 
                            "is-questionable": true, 
                            "is-correct-answer": false
                        }, 
                        "D": {
                            "index": 4, 
                            "total-responses": 2, 
                            "chosen-by-ratio": 0.2, 
                            "count-by-group": [
                                0, 
                                2, 
                                0
                            ], 
                            "mean-score": 2.0, 
                            "is-questionable": false, 
                            "is-correct-answer": false
                        }
                    }, 
                    "omitted": {
                        "index": 0, 
                        "total-responses": 0, 
                        "chosen-by-ratio": 0.0, 
                        "count-by-group": [
                            0, 
                            0, 
                            0
                        ], 
                        "mean-score": 0.0, 
                        "is-questionable": false, 
                        "is-correct-answer": false
                    }, 
                    "biserial-correlation": 1.038301586041128, 
                    "pointwise-biserial-correlation": 0.8197082662698021, 
                    "t-value": 4.047767105272628, 
                    "total": {
                        "total-responses": 10, 
                        "count-by-group": [
                            4, 
                            4, 
                            2
                        ]
                    }, 
                    "should-insert-new-page": true
                }, 
                {
                    "by-answer": {
                        "A": {
                            "index": 1, 
                            "total-responses": 0, 
                            "chosen-by-ratio": 0.0, 
                            "count-by-group": [
                                0, 
                                0, 
                                0
                            ], 
                            "mean-score": 0.0, 
                            "is-questionable": true, 
                            "is-correct-answer": false
                        }, 
                        "C": {
                            "index": 3, 
                            "total-responses": 2, 
                            "chosen-by-ratio": 0.2, 
                            "count-by-group": [
                                1, 
                                1, 
                                0
                            ], 
                            "mean-score": 4.5, 
                            "is-questionable": false, 
                            "is-correct-answer": false
                        }, 
                        "B": {
                            "index": 2, 
                            "total-responses": 6, 
                            "chosen-by-ratio": 0.6, 
                            "count-by-group": [
                                3, 
                                1, 
                                2
                            ], 
                            "mean-score": 15.5, 
                            "is-questionable": false, 
                            "is-correct-answer": true
                        }, 
                        "D": {
                            "index": 4, 
                            "total-responses": 2, 
                            "chosen-by-ratio": 0.2, 
                            "count-by-group": [
                                0, 
                                2, 
                                0
                            ], 
                            "mean-score": 2.0, 
                            "is-questionable": false, 
                            "is-correct-answer": false
                        }
                    }, 
                    "omitted": {
                        "index": 0, 
                        "total-responses": 0, 
                        "chosen-by-ratio": 0.0, 
                        "count-by-group": [
                            0, 
                            0, 
                            0
                        ], 
                        "mean-score": 0.0, 
                        "is-questionable": false, 
                        "is-correct-answer": false
                    }, 
                    "biserial-correlation": 1.038301586041128, 
                    "pointwise-biserial-correlation": 0.8197082662698021, 
                    "t-value": 4.047767105272628, 
                    "total": {
                        "total-responses": 10, 
                        "count-by-group": [
                            4, 
                            4, 
                            2
                        ]
                    }, 
                    "should-insert-new-page": false
                }, 
                {
                    "by-answer": {
                        "A": {
                            "index": 1, 
                            "total-responses": 4, 
                            "chosen-by-ratio": 0.4, 
                            "count-by-group": [
                                1, 
                                3, 
                                0
                            ], 
                            "mean-score": 5.5, 
                            "is-questionable": false, 
                            "is-correct-answer": false
                        }, 
                        "C": {
                            "index": 3, 
                            "total-responses": 5, 
                            "chosen-by-ratio": 0.5, 
                            "count-by-group": [
                                2, 
                                1, 
                                2
                            ], 
                            "mean-score": 16.6, 
                            "is-questionable": false, 
                            "is-correct-answer": true
                        }, 
                        "B": {
                            "index": 2, 
                            "total-responses": 1, 
                            "chosen-by-ratio": 0.1, 
                            "count-by-group": [
                                1, 
                                0, 
                                0
                            ], 
                            "mean-score": 1.0, 
                            "is-questionable": false, 
                            "is-correct-answer": false
                        }, 
                        "D": {
                            "index": 4, 
                            "total-responses": 0, 
                            "chosen-by-ratio": 0.0, 
                            "count-by-group": [
                                0, 
                                0, 
                                0
                            ], 
                            "mean-score": 0.0, 
                            "is-questionable": true, 
                            "is-correct-answer": false
                        }
                    }, 
                    "omitted": {
                        "index": 0, 
                        "total-responses": 0, 
                        "chosen-by-ratio": 0.0, 
                        "count-by-group": [
                            0, 
                            0, 
                            0
                        ], 
                        "mean-score": 0.0, 
                        "is-questionable": false, 
                        "is-correct-answer": false
                    }, 
                    "biserial-correlation": 1.0271438650702231, 
                    "pointwise-biserial-correlation": 0.8195375470622297, 
                    "t-value": 4.045199174779455, 
                    "total": {
                        "total-responses": 10, 
                        "count-by-group": [
                            4, 
                            4, 
                            2
                        ]
                    }, 
                    "should-insert-new-page": false
                }, 
                {
                    "by-answer": {
                        "A": {
                            "index": 1, 
                            "total-responses": 4, 
                            "chosen-by-ratio": 0.4, 
                            "count-by-group": [
                                1, 
                                3, 
                                0
                            ], 
                            "mean-score": 5.5, 
                            "is-questionable": false, 
                            "is-correct-answer": false
                        }, 
                        "C": {
                            "index": 3, 
                            "total-responses": 0, 
                            "chosen-by-ratio": 0.0, 
                            "count-by-group": [
                                0, 
                                0, 
                                0
                            ], 
                            "mean-score": 0.0, 
                            "is-questionable": true, 
                            "is-correct-answer": false
                        }, 
                        "B": {
                            "index": 2, 
                            "total-responses": 1, 
                            "chosen-by-ratio": 0.1, 
                            "count-by-group": [
                                1, 
                                0, 
                                0
                            ], 
                            "mean-score": 1.0, 
                            "is-questionable": false, 
                            "is-correct-answer": false
                        }, 
                        "D": {
                            "index": 4, 
                            "total-responses": 5, 
                            "chosen-by-ratio": 0.5, 
                            "count-by-group": [
                                2, 
                                1, 
                                2
                            ], 
                            "mean-score": 16.6, 
                            "is-questionable": false, 
                            "is-correct-answer": true
                        }
                    }, 
                    "omitted": {
                        "index": 0, 
                        "total-responses": 0, 
                        "chosen-by-ratio": 0.0, 
                        "count-by-group": [
                            0, 
                            0, 
                            0
                        ], 
                        "mean-score": 0.0, 
                        "is-questionable": false, 
                        "is-correct-answer": false
                    }, 
                    "biserial-correlation": 1.0271438650702231, 
                    "pointwise-biserial-correlation": 0.8195375470622297, 
                    "t-value": 4.045199174779455, 
                    "total": {
                        "total-responses": 10, 
                        "count-by-group": [
                            4, 
                            4, 
                            2
                        ]
                    }, 
                    "should-insert-new-page": true
                }, 
                {
                    "by-answer": {
                        "A": {
                            "index": 1, 
                            "total-responses": 5, 
                            "chosen-by-ratio": 0.5, 
                            "count-by-group": [
                                2, 
                                2, 
                                1
                            ], 
                            "mean-score": 15.8, 
                            "is-questionable": false, 
                            "is-correct-answer": true
                        }, 
                        "C": {
                            "index": 3, 
                            "total-responses": 3, 
                            "chosen-by-ratio": 0.3, 
                            "count-by-group": [
                                2, 
                                0, 
                                1
                            ], 
                            "mean-score": 7.666666666666667, 
                            "is-questionable": false, 
                            "is-correct-answer": false
                        }, 
                        "B": {
                            "index": 2, 
                            "total-responses": 0, 
                            "chosen-by-ratio": 0.0, 
                            "count-by-group": [
                                0, 
                                0, 
                                0
                            ], 
                            "mean-score": 0.0, 
                            "is-questionable": true, 
                            "is-correct-answer": false
                        }, 
                        "D": {
                            "index": 4, 
                            "total-responses": 2, 
                            "chosen-by-ratio": 0.2, 
                            "count-by-group": [
                                0, 
                                2, 
                                0
                            ], 
                            "mean-score": 2.0, 
                            "is-questionable": false, 
                            "is-correct-answer": false
                        }
                    }, 
                    "omitted": {
                        "index": 0, 
                        "total-responses": 0, 
                        "chosen-by-ratio": 0.0, 
                        "count-by-group": [
                            0, 
                            0, 
                            0
                        ], 
                        "mean-score": 0.0, 
                        "is-questionable": false, 
                        "is-correct-answer": false
                    }, 
                    "biserial-correlation": 0.8901913497275266, 
                    "pointwise-biserial-correlation": 0.7102658741205989, 
                    "t-value": 2.853870759731949, 
                    "total": {
                        "total-responses": 10, 
                        "count-by-group": [
                            4, 
                            4, 
                            2
                        ]
                    }, 
                    "should-insert-new-page": false
                }, 
                {
                    "by-answer": {
                        "A": {
                            "index": 1, 
                            "total-responses": 0, 
                            "chosen-by-ratio": 0.0, 
                            "count-by-group": [
                                0, 
                                0, 
                                0
                            ], 
                            "mean-score": 0.0, 
                            "is-questionable": true, 
                            "is-correct-answer": false
                        }, 
                        "C": {
                            "index": 3, 
                            "total-responses": 3, 
                            "chosen-by-ratio": 0.3, 
                            "count-by-group": [
                                2, 
                                0, 
                                1
                            ], 
                            "mean-score": 7.666666666666667, 
                            "is-questionable": false, 
                            "is-correct-answer": false
                        }, 
                        "B": {
                            "index": 2, 
                            "total-responses": 5, 
                            "chosen-by-ratio": 0.5, 
                            "count-by-group": [
                                2, 
                                2, 
                                1
                            ], 
                            "mean-score": 15.8, 
                            "is-questionable": false, 
                            "is-correct-answer": true
                        }, 
                        "D": {
                            "index": 4, 
                            "total-responses": 2, 
                            "chosen-by-ratio": 0.2, 
                            "count-by-group": [
                                0, 
                                2, 
                                0
                            ], 
                            "mean-score": 2.0, 
                            "is-questionable": false, 
                            "is-correct-answer": false
                        }
                    }, 
                    "omitted": {
                        "index": 0, 
                        "total-responses": 0, 
                        "chosen-by-ratio": 0.0, 
                        "count-by-group": [
                            0, 
                            0, 
                            0
                        ], 
                        "mean-score": 0.0, 
                        "is-questionable": false, 
                        "is-correct-answer": false
                    }, 
                    "biserial-correlation": 0.8901913497275266, 
                    "pointwise-biserial-correlation": 0.7102658741205989, 
                    "t-value": 2.853870759731949, 
                    "total": {
                        "total-responses": 10, 
                        "count-by-group": [
                            4, 
                            4, 
                            2
                        ]
                    }, 
                    "should-insert-new-page": false
                }, 
                {
                    "by-answer": {
                        "A": {
                            "index": 1, 
                            "total-responses": 3, 
                            "chosen-by-ratio": 0.3, 
                            "count-by-group": [
                                1, 
                                2, 
                                0
                            ], 
                            "mean-score": 4.666666666666667, 
                            "is-questionable": false, 
                            "is-correct-answer": false
                        }, 
                        "C": {
                            "index": 3, 
                            "total-responses": 5, 
                            "chosen-by-ratio": 0.5, 
                            "count-by-group": [
                                2, 
                                2, 
                                1
                            ], 
                            "mean-score": 15.8, 
                            "is-questionable": false, 
                            "is-correct-answer": true
                        }, 
                        "B": {
                            "index": 2, 
                            "total-responses": 2, 
                            "chosen-by-ratio": 0.2, 
                            "count-by-group": [
                                1, 
                                0, 
                                1
                            ], 
                            "mean-score": 6.5, 
                            "is-questionable": false, 
                            "is-correct-answer": false
                        }, 
                        "D": {
                            "index": 4, 
                            "total-responses": 0, 
                            "chosen-by-ratio": 0.0, 
                            "count-by-group": [
                                0, 
                                0, 
                                0
                            ], 
                            "mean-score": 0.0, 
                            "is-questionable": true, 
                            "is-correct-answer": false
                        }
                    }, 
                    "omitted": {
                        "index": 0, 
                        "total-responses": 0, 
                        "chosen-by-ratio": 0.0, 
                        "count-by-group": [
                            0, 
                            0, 
                            0
                        ], 
                        "mean-score": 0.0, 
                        "is-questionable": false, 
                        "is-correct-answer": false
                    }, 
                    "biserial-correlation": 0.8901913497275266, 
                    "pointwise-biserial-correlation": 0.7102658741205989, 
                    "t-value": 2.853870759731949, 
                    "total": {
                        "total-responses": 10, 
                        "count-by-group": [
                            4, 
                            4, 
                            2
                        ]
                    }, 
                    "should-insert-new-page": true
                }, 
                {
                    "by-answer": {
                        "A": {
                            "index": 1, 
                            "total-responses": 4, 
                            "chosen-by-ratio": 0.4, 
                            "count-by-group": [
                                2, 
                                2, 
                                0
                            ], 
                            "mean-score": 7.25, 
                            "is-questionable": false, 
                            "is-correct-answer": false
                        }, 
                        "C": {
                            "index": 3, 
                            "total-responses": 0, 
                            "chosen-by-ratio": 0.0, 
                            "count-by-group": [
                                0, 
                                0, 
                                0
                            ], 
                            "mean-score": 0.0, 
                            "is-questionable": true, 
                            "is-correct-answer": false
                        }, 
                        "B": {
                            "index": 2, 
                            "total-responses": 2, 
                            "chosen-by-ratio": 0.2, 
                            "count-by-group": [
                                1, 
                                0, 
                                1
                            ], 
                            "mean-score": 6.5, 
                            "is-questionable": false, 
                            "is-correct-answer": false
                        }, 
                        "D": {
                            "index": 4, 
                            "total-responses": 4, 
                            "chosen-by-ratio": 0.4, 
                            "count-by-group": [
                                1, 
                                2, 
                                1
                            ], 
                            "mean-score": 16.0, 
                            "is-questionable": false, 
                            "is-correct-answer": true
                        }
                    }, 
                    "omitted": {
                        "index": 0, 
                        "total-responses": 0, 
                        "chosen-by-ratio": 0.0, 
                        "count-by-group": [
                            0, 
                            0, 
                            0
                        ], 
                        "mean-score": 0.0, 
                        "is-questionable": false, 
                        "is-correct-answer": false
                    }, 
                    "biserial-correlation": 0.7628338183159308, 
                    "pointwise-biserial-correlation": 0.6022346446063852, 
                    "t-value": 2.133704105172719, 
                    "total": {
                        "total-responses": 10, 
                        "count-by-group": [
                            4, 
                            4, 
                            2
                        ]
                    }, 
                    "should-insert-new-page": false
                }, 
                {
                    "by-answer": {
                        "A": {
                            "index": 1, 
                            "total-responses": 4, 
                            "chosen-by-ratio": 0.4, 
                            "count-by-group": [
                                1, 
                                2, 
                                1
                            ], 
                            "mean-score": 16.0, 
                            "is-questionable": false, 
                            "is-correct-answer": true
                        }, 
                        "C": {
                            "index": 3, 
                            "total-responses": 4, 
                            "chosen-by-ratio": 0.4, 
                            "count-by-group": [
                                3, 
                                0, 
                                1
                            ], 
                            "mean-score": 9.5, 
                            "is-questionable": false, 
                            "is-correct-answer": false
                        }, 
                        "B": {
                            "index": 2, 
                            "total-responses": 0, 
                            "chosen-by-ratio": 0.0, 
                            "count-by-group": [
                                0, 
                                0, 
                                0
                            ], 
                            "mean-score": 0.0, 
                            "is-questionable": true, 
                            "is-correct-answer": false
                        }, 
                        "D": {
                            "index": 4, 
                            "total-responses": 2, 
                            "chosen-by-ratio": 0.2, 
                            "count-by-group": [
                                0, 
                                2, 
                                0
                            ], 
                            "mean-score": 2.0, 
                            "is-questionable": false, 
                            "is-correct-answer": false
                        }
                    }, 
                    "omitted": {
                        "index": 0, 
                        "total-responses": 0, 
                        "chosen-by-ratio": 0.0, 
                        "count-by-group": [
                            0, 
                            0, 
                            0
                        ], 
                        "mean-score": 0.0, 
                        "is-questionable": false, 
                        "is-correct-answer": false
                    }, 
                    "biserial-correlation": 0.7628338183159308, 
                    "pointwise-biserial-correlation": 0.6022346446063852, 
                    "t-value": 2.133704105172719, 
                    "total": {
                        "total-responses": 10, 
                        "count-by-group": [
                            4, 
                            4, 
                            2
                        ]
                    }, 
                    "should-insert-new-page": false
                }, 
                {
                    "by-answer": {
                        "A": {
                            "index": 1, 
                            "total-responses": 0, 
                            "chosen-by-ratio": 0.0, 
                            "count-by-group": [
                                0, 
                                0, 
                                0
                            ], 
                            "mean-score": 0.0, 
                            "is-questionable": true, 
                            "is-correct-answer": false
                        }, 
                        "C": {
                            "index": 3, 
                            "total-responses": 4, 
                            "chosen-by-ratio": 0.4, 
                            "count-by-group": [
                                3, 
                                0, 
                                1
                            ], 
                            "mean-score": 9.5, 
                            "is-questionable": false, 
                            "is-correct-answer": false
                        }, 
                        "B": {
                            "index": 2, 
                            "total-responses": 4, 
                            "chosen-by-ratio": 0.4, 
                            "count-by-group": [
                                1, 
                                2, 
                                1
                            ], 
                            "mean-score": 16.0, 
                            "is-questionable": false, 
                            "is-correct-answer": true
                        }, 
                        "D": {
                            "index": 4, 
                            "total-responses": 2, 
                            "chosen-by-ratio": 0.2, 
                            "count-by-group": [
                                0, 
                                2, 
                                0
                            ], 
                            "mean-score": 2.0, 
                            "is-questionable": false, 
                            "is-correct-answer": false
                        }
                    }, 
                    "omitted": {
                        "index": 0, 
                        "total-responses": 0, 
                        "chosen-by-ratio": 0.0, 
                        "count-by-group": [
                            0, 
                            0, 
                            0
                        ], 
                        "mean-score": 0.0, 
                        "is-questionable": false, 
                        "is-correct-answer": false
                    }, 
                    "biserial-correlation": 0.7628338183159308, 
                    "pointwise-biserial-correlation": 0.6022346446063852, 
                    "t-value": 2.133704105172719, 
                    "total": {
                        "total-responses": 10, 
                        "count-by-group": [
                            4, 
                            4, 
                            2
                        ]
                    }, 
                    "should-insert-new-page": true
                }, 
                {
                    "by-answer": {
                        "A": {
                            "index": 1, 
                            "total-responses": 4, 
                            "chosen-by-ratio": 0.4, 
                            "count-by-group": [
                                2, 
                                2, 
                                0
                            ], 
                            "mean-score": 7.25, 
                            "is-questionable": false, 
                            "is-correct-answer": false
                        }, 
                        "C": {
                            "index": 3, 
                            "total-responses": 4, 
                            "chosen-by-ratio": 0.4, 
                            "count-by-group": [
                                1, 
                                2, 
                                1
                            ], 
                            "mean-score": 16.0, 
                            "is-questionable": false, 
                            "is-correct-answer": true
                        }, 
                        "B": {
                            "index": 2, 
                            "total-responses": 2, 
                            "chosen-by-ratio": 0.2, 
                            "count-by-group": [
                                1, 
                                0, 
                                1
                            ], 
                            "mean-score": 6.5, 
                            "is-questionable": false, 
                            "is-correct-answer": false
                        }, 
                        "D": {
                            "index": 4, 
                            "total-responses": 0, 
                            "chosen-by-ratio": 0.0, 
                            "count-by-group": [
                                0, 
                                0, 
                                0
                            ], 
                            "mean-score": 0.0, 
                            "is-questionable": true, 
                            "is-correct-answer": false
                        }
                    }, 
                    "omitted": {
                        "index": 0, 
                        "total-responses": 0, 
                        "chosen-by-ratio": 0.0, 
                        "count-by-group": [
                            0, 
                            0, 
                            0
                        ], 
                        "mean-score": 0.0, 
                        "is-questionable": false, 
                        "is-correct-answer": false
                    }, 
                    "biserial-correlation": 0.7628338183159308, 
                    "pointwise-biserial-correlation": 0.6022346446063852, 
                    "t-value": 2.133704105172719, 
                    "total": {
                        "total-responses": 10, 
                        "count-by-group": [
                            4, 
                            4, 
                            2
                        ]
                    }, 
                    "should-insert-new-page": false
                }, 
                {
                    "by-answer": {
                        "A": {
                            "index": 1, 
                            "total-responses": 4, 
                            "chosen-by-ratio": 0.4, 
                            "count-by-group": [
                                2, 
                                2, 
                                0
                            ], 
                            "mean-score": 7.25, 
                            "is-questionable": false, 
                            "is-correct-answer": false
                        }, 
                        "C": {
                            "index": 3, 
                            "total-responses": 0, 
                            "chosen-by-ratio": 0.0, 
                            "count-by-group": [
                                0, 
                                0, 
                                0
                            ], 
                            "mean-score": 0.0, 
                            "is-questionable": true, 
                            "is-correct-answer": false
                        }, 
                        "B": {
                            "index": 2, 
                            "total-responses": 2, 
                            "chosen-by-ratio": 0.2, 
                            "count-by-group": [
                                1, 
                                0, 
                                1
                            ], 
                            "mean-score": 6.5, 
                            "is-questionable": false, 
                            "is-correct-answer": false
                        }, 
                        "D": {
                            "index": 4, 
                            "total-responses": 4, 
                            "chosen-by-ratio": 0.4, 
                            "count-by-group": [
                                1, 
                                2, 
                                1
                            ], 
                            "mean-score": 16.0, 
                            "is-questionable": false, 
                            "is-correct-answer": true
                        }
                    }, 
                    "omitted": {
                        "index": 0, 
                        "total-responses": 0, 
                        "chosen-by-ratio": 0.0, 
                        "count-by-group": [
                            0, 
                            0, 
                            0
                        ], 
                        "mean-score": 0.0, 
                        "is-questionable": false, 
                        "is-correct-answer": false
                    }, 
                    "biserial-correlation": 0.7628338183159308, 
                    "pointwise-biserial-correlation": 0.6022346446063852, 
                    "t-value": 2.133704105172719, 
                    "total": {
                        "total-responses": 10, 
                        "count-by-group": [
                            4, 
                            4, 
                            2
                        ]
                    }, 
                    "should-insert-new-page": false
                }
            ], 
            "options": {
                "number-of-copies": 1, 
                "should-eval-full-exam-only": false, 
                "is-order-reversed": false
            }, 
            "answer-key": [
                1, 
                2, 
                3, 
                4, 
                1, 
                2, 
                3, 
                4, 
                1, 
                2, 
                3, 
                4, 
                1, 
                2, 
                3, 
                4, 
                1, 
                2, 
                3, 
                4
            ], 
            "responses": [
                {
                    "group-id": "morning", 
                    "answers": [
                        [
                            1, 
                            2, 
                            3, 
                            4, 
                            1, 
                            2, 
                            3, 
                            4, 
                            1, 
                            2, 
                            3, 
                            4, 
                            1, 
                            2, 
                            3, 
                            4, 
                            1, 
                            2, 
                            3, 
                            4
                        ], 
                        [
                            1, 
                            2, 
                            3, 
                            4, 
                            1, 
                            2, 
                            3, 
                            4, 
                            1, 
                            2, 
                            1, 
                            1, 
                            3, 
                            3, 
                            1, 
                            1, 
                            3, 
                            3, 
                            1, 
                            1
                        ], 
                        [
                            1, 
                            3, 
                            2, 
                            2, 
                            3, 
                            3, 
                            2, 
                            2, 
                            3, 
                            3, 
                            2, 
                            2, 
                            3, 
                            3, 
                            2, 
                            2, 
                            3, 
                            3, 
                            2, 
                            2
                        ], 
                        [
                            1, 
                            2, 
                            3, 
                            4, 
                            1, 
                            2, 
                            3, 
                            4, 
                            1, 
                            2, 
                            3, 
                            4, 
                            1, 
                            2, 
                            3, 
                            1, 
                            3, 
                            3, 
                            1, 
                            1
                        ]
                    ], 
                    "scores": [
                        20, 
                        10, 
                        1, 
                        15
                    ]
                }, 
                {
                    "group-id": "afternoon", 
                    "answers": [
                        [
                            3, 
                            3, 
                            1, 
                            1, 
                            3, 
                            3, 
                            1, 
                            1, 
                            3, 
                            3, 
                            1, 
                            1, 
                            1, 
                            2, 
                            3, 
                            4, 
                            1, 
                            2, 
                            3, 
                            4
                        ], 
                        [
                            4, 
                            4, 
                            1, 
                            1, 
                            4, 
                            4, 
                            1, 
                            1, 
                            4, 
                            4, 
                            1, 
                            1, 
                            4, 
                            4, 
                            1, 
                            1, 
                            4, 
                            4, 
                            1, 
                            1
                        ], 
                        [
                            1, 
                            2, 
                            3, 
                            4, 
                            4, 
                            4, 
                            1, 
                            1, 
                            4, 
                            4, 
                            1, 
                            1, 
                            4, 
                            4, 
                            1, 
                            1, 
                            4, 
                            4, 
                            1, 
                            1
                        ], 
                        [
                            1, 
                            2, 
                            3, 
                            4, 
                            1, 
                            2, 
                            3, 
                            4, 
                            1, 
                            2, 
                            3, 
                            4, 
                            1, 
                            2, 
                            3, 
                            4, 
                            1, 
                            2, 
                            3, 
                            4
                        ]
                    ], 
                    "scores": [
                        8, 
                        0, 
                        4, 
                        20
                    ]
                }, 
                {
                    "group-id": "evening", 
                    "answers": [
                        [
                            1, 
                            2, 
                            3, 
                            4, 
                            1, 
                            2, 
                            3, 
                            4, 
                            1, 
                            2, 
                            3, 
                            4, 
                            3, 
                            3, 
                            2, 
                            2, 
                            3, 
                            3, 
                            2, 
                            2
                        ], 
                        [
                            3, 
                            3, 
                            1, 
                            1, 
                            1, 
                            2, 
                            3, 
                            4, 
                            1, 
                            2, 
                            3, 
                            4, 
                            1, 
                            2, 
                            3, 
                            4, 
                            1, 
                            2, 
                            3, 
                            4
                        ]
                    ], 
                    "scores": [
                        12, 
                        16
                    ]
                }
            ]
        }
    ], 
    "options": {
        "number-of-copies": 1, 
        "should-eval-full-exam-only": false, 
        "is-order-reversed": false
    }
}
